0 info it worked if it ends with ok
1 verbose cli [ 'C:\\Program Files\\nodejs\\node.exe',
1 verbose cli   'C:\\Users\\JustinBanks\\AppData\\Roaming\\npm\\node_modules\\npm\\bin\\npm-cli.js',
1 verbose cli   'run',
1 verbose cli   'build:desktop' ]
2 info using npm@6.14.7
3 info using node@v10.16.0
4 verbose run-script [ 'prebuild:desktop', 'build:desktop', 'postbuild:desktop' ]
5 info lifecycle pathfinding-visualizer-v3@0.1.0~prebuild:desktop: pathfinding-visualizer-v3@0.1.0
6 info lifecycle pathfinding-visualizer-v3@0.1.0~build:desktop: pathfinding-visualizer-v3@0.1.0
7 verbose lifecycle pathfinding-visualizer-v3@0.1.0~build:desktop: unsafe-perm in lifecycle true
8 verbose lifecycle pathfinding-visualizer-v3@0.1.0~build:desktop: PATH: C:\Users\JustinBanks\AppData\Roaming\npm\node_modules\npm\node_modules\npm-lifecycle\node-gyp-bin;C:\Users\JustinBanks\Documents\Personal\React\PathfindingVisualizer\pathfinding-visualizer-v3\node_modules\.bin;C:\Users\JUSTIN~1\AppData\Local\Temp\yarn--1599843140666-0.6227661893543579;C:\Users\JustinBanks\Documents\Personal\React\PathfindingVisualizer\pathfinding-visualizer-v3\node_modules\.bin;C:\Users\JustinBanks\AppData\Local\Yarn\Data\link\node_modules\.bin;C:\Users\JustinBanks\AppData\Local\Yarn\bin;C:\Program Files\libexec\lib\node_modules\npm\bin\node-gyp-bin;C:\Program Files\lib\node_modules\npm\bin\node-gyp-bin;C:\Program Files\nodejs\node_modules\npm\bin\node-gyp-bin;C:\Python38\Scripts\;C:\Python38\;C:\Program Files (x86)\Common Files\Oracle\Java\javapath;C:\Windows\system32;C:\Windows;C:\Windows\System32\Wbem;C:\Windows\System32\WindowsPowerShell\v1.0\;C:\Windows\System32\OpenSSH\;C:\Program Files\nodejs\;C:\Program Files\Microsoft SQL Server\120\Tools\Binn\;C:\nburn\pcbin;C:\nburn\gcc-m68k\bin;C:\nburn\gcc-m68k\msys\1.0\bin;C:\ProgramData\chocolatey\bin;C:\Program Files\dotnet\;C:\Program Files (x86)\Yarn\bin\;C:\Program Files\Git\cmd;C:\Users\JustinBanks\AppData\Local\Microsoft\WindowsApps;C:\Users\Justin Banks\AppData\Roaming\npm;C:\Users\Justin Banks\AppData\Local\Programs\Microsoft VS Code\bin;C:\Program Files (x86)\mingw-w64\i686-8.1.0-posix-dwarf-rt_v6-rev0\mingw32\bin;C:\Users\Justin Banks\AppData\Local\Yarn\bin
9 verbose lifecycle pathfinding-visualizer-v3@0.1.0~build:desktop: CWD: C:\Users\JustinBanks\Documents\Personal\React\PathfindingVisualizer\pathfinding-visualizer-v3
10 silly lifecycle pathfinding-visualizer-v3@0.1.0~build:desktop: Args: [ '/d /s /c', 'electron-builder' ]
11 silly lifecycle pathfinding-visualizer-v3@0.1.0~build:desktop: Returned: code: 1  signal: null
12 info lifecycle pathfinding-visualizer-v3@0.1.0~build:desktop: Failed to exec build:desktop script
13 verbose stack Error: pathfinding-visualizer-v3@0.1.0 build:desktop: `electron-builder`
13 verbose stack Exit status 1
13 verbose stack     at EventEmitter.<anonymous> (C:\Users\JustinBanks\AppData\Roaming\npm\node_modules\npm\node_modules\npm-lifecycle\index.js:332:16)
13 verbose stack     at EventEmitter.emit (events.js:198:13)
13 verbose stack     at ChildProcess.<anonymous> (C:\Users\JustinBanks\AppData\Roaming\npm\node_modules\npm\node_modules\npm-lifecycle\lib\spawn.js:55:14)
13 verbose stack     at ChildProcess.emit (events.js:198:13)
13 verbose stack     at maybeClose (internal/child_process.js:982:16)
13 verbose stack     at Process.ChildProcess._handle.onexit (internal/child_process.js:259:5)
14 verbose pkgid pathfinding-visualizer-v3@0.1.0
15 verbose cwd C:\Users\JustinBanks\Documents\Personal\React\PathfindingVisualizer\pathfinding-visualizer-v3
16 verbose Windows_NT 10.0.18362
17 verbose argv "C:\\Program Files\\nodejs\\node.exe" "C:\\Users\\JustinBanks\\AppData\\Roaming\\npm\\node_modules\\npm\\bin\\npm-cli.js" "run" "build:desktop"
18 verbose node v10.16.0
19 verbose npm  v6.14.7
20 error code ELIFECYCLE
21 error errno 1
22 error pathfinding-visualizer-v3@0.1.0 build:desktop: `electron-builder`
22 error Exit status 1
23 error Failed at the pathfinding-visualizer-v3@0.1.0 build:desktop script.
23 error This is probably not a problem with npm. There is likely additional logging output above.
24 verbose exit [ 1, true ]
